<?xml version="1.0" encoding="UTF-8"?>
<testsuite name="com.sundram.expense_tracker.domain.usecase.UpsertBudgetUseCaseTest" tests="1" skipped="0" failures="0" errors="0" timestamp="2026-04-14T01:54:27.275Z" hostname="Sundrams-MacBook-Pro.local" time="0.046">
  <properties/>
  <testcase name="invoke delegates to BudgetRepository()" classname="com.sundram.expense_tracker.domain.usecase.UpsertBudgetUseCaseTest" time="0.025"/>
  <system-out><![CDATA[]]></system-out>
  <system-err><![CDATA[]]></system-err>
</testsuite>
