<?xml version="1.0" encoding="UTF-8"?>
<testsuite name="com.sundram.expense_tracker.domain.usecase.AddExpenseUseCaseTest" tests="4" skipped="0" failures="0" errors="0" timestamp="2026-04-11T16:42:08.532Z" hostname="Sundrams-MacBook-Pro.local" time="2.277">
  <properties/>
  <testcase name="invoke returns failure when amount is zero()" classname="com.sundram.expense_tracker.domain.usecase.AddExpenseUseCaseTest" time="0.766"/>
  <testcase name="invoke returns failure when amount is negative()" classname="com.sundram.expense_tracker.domain.usecase.AddExpenseUseCaseTest" time="0.003"/>
  <testcase name="invoke emits success with valid expense()" classname="com.sundram.expense_tracker.domain.usecase.AddExpenseUseCaseTest" time="0.135"/>
  <testcase name="invoke returns failure when title is blank()" classname="com.sundram.expense_tracker.domain.usecase.AddExpenseUseCaseTest" time="0.005"/>
  <system-out><![CDATA[]]></system-out>
  <system-err><![CDATA[]]></system-err>
</testsuite>
